{"level":"error","message":"jwt expired","timestamp":"2023-05-09T16:14:43.307Z"}
{"level":"info","message":"user exits and ask to forget password","timestamp":"2023-05-09T16:14:54.042Z"}
{"level":"info","message":"sent Reset Email","timestamp":"2023-05-09T16:14:55.656Z"}
{"level":"info","message":"user exits and ask to forget password","timestamp":"2023-05-09T16:17:44.904Z"}
{"level":"info","message":"sent Reset Email","timestamp":"2023-05-09T16:17:46.527Z"}
{"level":"error","message":"error email doesn't exist","timestamp":"2023-05-09T16:17:46.553Z"}
{"level":"error","message":"test error","timestamp":"2023-05-09T16:17:46.557Z"}
{"level":"info","message":"event has been created successfully","timestamp":"2023-05-09T16:17:49.820Z"}
{"level":"error","message":"Error creating event","timestamp":"2023-05-09T16:17:49.828Z"}
{"level":"error","message":"Cannot read properties of undefined (reading '_id')","timestamp":"2023-05-09T16:17:49.831Z"}
{"level":"error","message":"no event found","timestamp":"2023-05-09T16:17:53.313Z"}
{"level":"error","message":"unauthorized access","timestamp":"2023-05-09T16:17:53.325Z"}
{"level":"error","message":"Database error","timestamp":"2023-05-09T16:17:53.331Z"}
{"level":"error","message":"No event found","timestamp":"2023-05-09T16:17:55.137Z"}
{"level":"error","message":"unauthorized access","timestamp":"2023-05-09T16:17:55.145Z"}
{"level":"error","message":"Something wrong with the request","timestamp":"2023-05-09T16:17:55.152Z"}
{"level":"info","message":"filtered events retrieve success","timestamp":"2023-05-09T16:17:55.785Z"}
{"level":"info","message":"eventsoldTickets retrieve success","timestamp":"2023-05-09T16:17:55.788Z"}
{"level":"info","message":"creator events csv exported success","timestamp":"2023-05-09T16:17:55.818Z"}
{"level":"info","message":"Event sales response Success","timestamp":"2023-05-09T16:17:56.642Z"}
{"level":"info","message":"Event sales exported to csv Successfully","timestamp":"2023-05-09T16:17:56.657Z"}
{"level":"info","message":" event sales csv downloaded Successfully","timestamp":"2023-05-09T16:17:56.660Z"}
{"level":"error","message":"Error occurred while fetching event sales data","timestamp":"2023-05-09T16:17:56.666Z"}
{"level":"error","message":"no event found","timestamp":"2023-05-09T16:17:58.049Z"}
{"level":"error","message":"unauthorized access","timestamp":"2023-05-09T16:17:58.054Z"}
{"level":"error","message":"Something wrong with the request","timestamp":"2023-05-09T16:17:58.063Z"}
{"level":"info","message":" summary Json Extract Successfully","timestamp":"2023-05-09T16:17:58.779Z"}
{"level":"info","message":"attendeeSummary exported to csv Successfully","timestamp":"2023-05-09T16:17:58.797Z"}
{"level":"info","message":" attendeeSummary csv downloaded Successfully","timestamp":"2023-05-09T16:17:58.799Z"}
{"level":"error","message":"res is not defined","timestamp":"2023-05-09T16:17:58.804Z"}
{"level":"error","message":"res is not defined","timestamp":"2023-05-09T16:17:58.805Z"}
{"level":"info","message":"user wants to resetpassword exists","timestamp":"2023-05-09T16:18:01.275Z"}
{"level":"info","message":"password encrypted success","timestamp":"2023-05-09T16:18:01.277Z"}
{"level":"info","message":"user password has been reset","timestamp":"2023-05-09T16:18:01.278Z"}
{"level":"error","message":"link is expired","timestamp":"2023-05-09T16:18:01.284Z"}
{"level":"info","message":"user exits and ask to forget password","timestamp":"2023-05-09T16:20:12.021Z"}
{"level":"info","message":"sent Reset Email","timestamp":"2023-05-09T16:20:13.437Z"}
{"level":"error","message":"error email doesn't exist","timestamp":"2023-05-09T16:20:13.461Z"}
{"level":"info","message":" summary Json Extract Successfully","timestamp":"2023-05-09T16:20:14.881Z"}
{"level":"info","message":"attendeeSummary exported to csv Successfully","timestamp":"2023-05-09T16:20:14.971Z"}
{"level":"error","message":"res is not defined","timestamp":"2023-05-09T16:20:14.995Z"}
{"level":"info","message":" attendeeSummary csv downloaded Successfully","timestamp":"2023-05-09T16:20:14.974Z"}
{"level":"error","message":"res is not defined","timestamp":"2023-05-09T16:20:14.994Z"}
{"level":"error","message":"res is not defined","timestamp":"2023-05-09T16:20:14.997Z"}
{"level":"error","message":"res is not defined","timestamp":"2023-05-09T16:20:14.997Z"}
{"level":"error","message":"error email doesn't exist","timestamp":"2023-05-09T16:20:13.460Z"}
{"level":"error","message":"test error","timestamp":"2023-05-09T16:20:13.466Z"}
{"level":"error","message":"test error","timestamp":"2023-05-09T16:20:13.468Z"}
{"level":"info","message":"event has been created successfully","timestamp":"2023-05-09T16:20:15.408Z"}
{"level":"error","message":"Error creating event","timestamp":"2023-05-09T16:20:15.419Z"}
{"level":"error","message":"Error creating event","timestamp":"2023-05-09T16:20:15.418Z"}
{"level":"error","message":"Cannot read properties of undefined (reading '_id')","timestamp":"2023-05-09T16:20:15.424Z"}
{"level":"error","message":"Cannot read properties of undefined (reading '_id')","timestamp":"2023-05-09T16:20:15.425Z"}
{"level":"error","message":"No event found","timestamp":"2023-05-09T16:20:19.160Z"}
{"level":"error","message":"No event found","timestamp":"2023-05-09T16:20:19.163Z"}
{"level":"error","message":"unauthorized access","timestamp":"2023-05-09T16:20:19.170Z"}
{"level":"error","message":"Something wrong with the request","timestamp":"2023-05-09T16:20:19.178Z"}
{"level":"error","message":"unauthorized access","timestamp":"2023-05-09T16:20:19.171Z"}
{"level":"error","message":"Something wrong with the request","timestamp":"2023-05-09T16:20:19.180Z"}
{"level":"error","message":"no event found","timestamp":"2023-05-09T16:20:20.653Z"}
{"level":"error","message":"no event found","timestamp":"2023-05-09T16:20:20.656Z"}
{"level":"error","message":"unauthorized access","timestamp":"2023-05-09T16:20:20.666Z"}
{"level":"error","message":"Something wrong with the request","timestamp":"2023-05-09T16:20:20.671Z"}
{"level":"error","message":"unauthorized access","timestamp":"2023-05-09T16:20:20.667Z"}
{"level":"error","message":"Something wrong with the request","timestamp":"2023-05-09T16:20:20.672Z"}
{"level":"error","message":"no event found","timestamp":"2023-05-09T16:20:22.377Z"}
{"level":"error","message":"no event found","timestamp":"2023-05-09T16:20:22.379Z"}
{"level":"info","message":"Event sales response Success","timestamp":"2023-05-09T16:20:24.661Z"}
{"level":"info","message":"Event sales exported to csv Successfully","timestamp":"2023-05-09T16:20:24.702Z"}
{"level":"error","message":"Error occurred while fetching event sales data","timestamp":"2023-05-09T16:20:24.727Z"}
{"level":"info","message":" event sales csv downloaded Successfully","timestamp":"2023-05-09T16:20:24.704Z"}
{"level":"error","message":"Error occurred while fetching event sales data","timestamp":"2023-05-09T16:20:24.723Z"}
{"level":"error","message":"unauthorized access","timestamp":"2023-05-09T16:20:22.386Z"}
{"level":"error","message":"Database error","timestamp":"2023-05-09T16:20:22.399Z"}
{"level":"error","message":"unauthorized access","timestamp":"2023-05-09T16:20:22.387Z"}
{"level":"error","message":"Database error","timestamp":"2023-05-09T16:20:22.400Z"}
{"level":"info","message":"Event sales response Success","timestamp":"2023-05-09T16:20:25.841Z"}
{"level":"info","message":"Event sales exported to csv Successfully","timestamp":"2023-05-09T16:20:25.855Z"}
{"level":"error","message":"Error occurred while fetching event sales data","timestamp":"2023-05-09T16:20:25.863Z"}
{"level":"info","message":" event sales csv downloaded Successfully","timestamp":"2023-05-09T16:20:25.857Z"}
{"level":"error","message":"Error occurred while fetching event sales data","timestamp":"2023-05-09T16:20:25.862Z"}
{"level":"info","message":"user wants to resetpassword exists","timestamp":"2023-05-09T16:20:27.441Z"}
{"level":"error","message":"link is expired","timestamp":"2023-05-09T16:20:27.451Z"}
{"level":"info","message":"password encrypted success","timestamp":"2023-05-09T16:20:27.443Z"}
{"level":"info","message":"user password has been reset","timestamp":"2023-05-09T16:20:27.444Z"}
{"level":"error","message":"link is expired","timestamp":"2023-05-09T16:20:27.450Z"}
{"level":"info","message":" summary Json Extract Successfully","timestamp":"2023-05-09T16:20:28.208Z"}
{"level":"info","message":"attendeeSummary exported to csv Successfully","timestamp":"2023-05-09T16:20:28.224Z"}
{"level":"error","message":"res is not defined","timestamp":"2023-05-09T16:20:28.232Z"}
{"level":"info","message":" attendeeSummary csv downloaded Successfully","timestamp":"2023-05-09T16:20:28.226Z"}
{"level":"error","message":"res is not defined","timestamp":"2023-05-09T16:20:28.231Z"}
{"level":"error","message":"res is not defined","timestamp":"2023-05-09T16:20:28.234Z"}
{"level":"error","message":"res is not defined","timestamp":"2023-05-09T16:20:28.235Z"}
{"level":"info","message":"filtered events retrieve success","timestamp":"2023-05-09T16:20:28.816Z"}
{"level":"info","message":"eventsoldTickets retrieve success","timestamp":"2023-05-09T16:20:28.818Z"}
{"level":"info","message":"creator events csv exported success","timestamp":"2023-05-09T16:20:28.836Z"}
{"level":"info","message":"filtered events retrieve success","timestamp":"2023-05-09T16:22:22.949Z"}
{"level":"info","message":"eventsoldTickets retrieve success","timestamp":"2023-05-09T16:22:22.954Z"}
{"level":"info","message":"creator events csv exported success","timestamp":"2023-05-09T16:22:22.996Z"}
{"level":"info","message":"user wants to resetpassword exists","timestamp":"2023-05-09T16:26:56.383Z"}
{"level":"error","message":"link is expired","timestamp":"2023-05-09T16:26:56.410Z"}
{"level":"info","message":"password encrypted success","timestamp":"2023-05-09T16:26:56.387Z"}
{"level":"info","message":"user password has been reset","timestamp":"2023-05-09T16:26:56.388Z"}
{"level":"error","message":"link is expired","timestamp":"2023-05-09T16:26:56.403Z"}
{"level":"info","message":"user exits and ask to forget password","timestamp":"2023-05-09T16:27:03.631Z"}
{"level":"info","message":"sent Reset Email","timestamp":"2023-05-09T16:27:05.302Z"}
{"level":"error","message":"error email doesn't exist","timestamp":"2023-05-09T16:27:05.322Z"}
{"level":"error","message":"error email doesn't exist","timestamp":"2023-05-09T16:27:05.321Z"}
{"level":"error","message":"test error","timestamp":"2023-05-09T16:27:05.329Z"}
{"level":"error","message":"test error","timestamp":"2023-05-09T16:27:05.330Z"}
{"level":"info","message":"user exits and ask to forget password","timestamp":"2023-05-09T16:27:36.999Z"}
{"level":"info","message":"sent Reset Email","timestamp":"2023-05-09T16:27:38.261Z"}
{"level":"error","message":"error email doesn't exist","timestamp":"2023-05-09T16:27:38.275Z"}
{"level":"error","message":"error email doesn't exist","timestamp":"2023-05-09T16:27:38.273Z"}
{"level":"error","message":"test error","timestamp":"2023-05-09T16:27:38.297Z"}
{"level":"error","message":"test error","timestamp":"2023-05-09T16:27:38.299Z"}
{"level":"info","message":"event has been created successfully","timestamp":"2023-05-09T16:27:40.078Z"}
{"level":"error","message":"Error creating event","timestamp":"2023-05-09T16:27:40.086Z"}
{"level":"error","message":"Error creating event","timestamp":"2023-05-09T16:27:40.085Z"}
{"level":"error","message":"Cannot read properties of undefined (reading '_id')","timestamp":"2023-05-09T16:27:40.089Z"}
{"level":"error","message":"Cannot read properties of undefined (reading '_id')","timestamp":"2023-05-09T16:27:40.090Z"}
{"level":"info","message":"user wants to resetpassword exists","timestamp":"2023-05-09T16:27:43.234Z"}
{"level":"error","message":"link is expired","timestamp":"2023-05-09T16:27:43.247Z"}
{"level":"info","message":"password encrypted success","timestamp":"2023-05-09T16:27:43.237Z"}
{"level":"info","message":"user password has been reset","timestamp":"2023-05-09T16:27:43.238Z"}
{"level":"error","message":"link is expired","timestamp":"2023-05-09T16:27:43.246Z"}
{"level":"error","message":"no event found","timestamp":"2023-05-09T16:27:45.072Z"}
{"level":"error","message":"no event found","timestamp":"2023-05-09T16:27:45.076Z"}
{"level":"error","message":"unauthorized access","timestamp":"2023-05-09T16:27:45.089Z"}
{"level":"error","message":"Database error","timestamp":"2023-05-09T16:27:45.099Z"}
{"level":"error","message":"unauthorized access","timestamp":"2023-05-09T16:27:45.090Z"}
{"level":"error","message":"Database error","timestamp":"2023-05-09T16:27:45.100Z"}
{"level":"info","message":"filtered events retrieve success","timestamp":"2023-05-09T16:27:45.897Z"}
{"level":"info","message":"eventsoldTickets retrieve success","timestamp":"2023-05-09T16:27:45.906Z"}
{"level":"info","message":"user exits and ask to forget password","timestamp":"2023-05-09T16:27:46.726Z"}
{"level":"info","message":"creator events csv exported success","timestamp":"2023-05-09T16:27:45.934Z"}
{"level":"info","message":"sent Reset Email","timestamp":"2023-05-09T16:27:48.085Z"}
{"level":"error","message":"error email doesn't exist","timestamp":"2023-05-09T16:27:48.105Z"}
{"level":"error","message":"error email doesn't exist","timestamp":"2023-05-09T16:27:48.104Z"}
{"level":"error","message":"test error","timestamp":"2023-05-09T16:27:48.111Z"}
{"level":"error","message":"test error","timestamp":"2023-05-09T16:27:48.112Z"}
{"level":"error","message":"No event found","timestamp":"2023-05-09T16:27:49.303Z"}
{"level":"error","message":"No event found","timestamp":"2023-05-09T16:27:49.305Z"}
{"level":"error","message":"unauthorized access","timestamp":"2023-05-09T16:27:49.312Z"}
{"level":"error","message":"Something wrong with the request","timestamp":"2023-05-09T16:27:49.319Z"}
{"level":"error","message":"unauthorized access","timestamp":"2023-05-09T16:27:49.313Z"}
{"level":"error","message":"Something wrong with the request","timestamp":"2023-05-09T16:27:49.320Z"}
{"level":"error","message":"no event found","timestamp":"2023-05-09T16:27:50.744Z"}
{"level":"error","message":"no event found","timestamp":"2023-05-09T16:27:50.746Z"}
{"level":"error","message":"unauthorized access","timestamp":"2023-05-09T16:27:50.750Z"}
{"level":"error","message":"Something wrong with the request","timestamp":"2023-05-09T16:27:50.754Z"}
{"level":"error","message":"unauthorized access","timestamp":"2023-05-09T16:27:50.751Z"}
{"level":"error","message":"Something wrong with the request","timestamp":"2023-05-09T16:27:50.755Z"}
{"level":"info","message":"Event sales response Success","timestamp":"2023-05-09T16:27:52.992Z"}
{"level":"info","message":"Event sales exported to csv Successfully","timestamp":"2023-05-09T16:27:53.009Z"}
{"level":"error","message":"Error occurred while fetching event sales data","timestamp":"2023-05-09T16:27:53.016Z"}
{"level":"info","message":" event sales csv downloaded Successfully","timestamp":"2023-05-09T16:27:53.010Z"}
{"level":"error","message":"Error occurred while fetching event sales data","timestamp":"2023-05-09T16:27:53.016Z"}
{"level":"info","message":" summary Json Extract Successfully","timestamp":"2023-05-09T16:27:53.686Z"}
{"level":"info","message":"attendeeSummary exported to csv Successfully","timestamp":"2023-05-09T16:27:53.698Z"}
{"level":"error","message":"res is not defined","timestamp":"2023-05-09T16:27:53.706Z"}
{"level":"info","message":" attendeeSummary csv downloaded Successfully","timestamp":"2023-05-09T16:27:53.700Z"}
{"level":"error","message":"res is not defined","timestamp":"2023-05-09T16:27:53.705Z"}
{"level":"error","message":"res is not defined","timestamp":"2023-05-09T16:27:53.713Z"}
{"level":"error","message":"res is not defined","timestamp":"2023-05-09T16:27:53.714Z"}
{"level":"info","message":"event has been created successfully","timestamp":"2023-05-09T16:27:59.974Z"}
{"level":"error","message":"Error creating event","timestamp":"2023-05-09T16:27:59.997Z"}
{"level":"error","message":"No event found","timestamp":"2023-05-09T16:28:01.801Z"}
{"level":"error","message":"No event found","timestamp":"2023-05-09T16:28:01.804Z"}
{"level":"error","message":"Error creating event","timestamp":"2023-05-09T16:27:59.996Z"}
{"level":"error","message":"Cannot read properties of undefined (reading '_id')","timestamp":"2023-05-09T16:28:00.004Z"}
{"level":"error","message":"Cannot read properties of undefined (reading '_id')","timestamp":"2023-05-09T16:28:00.005Z"}
{"level":"error","message":"unauthorized access","timestamp":"2023-05-09T16:28:01.820Z"}
{"level":"error","message":"Something wrong with the request","timestamp":"2023-05-09T16:28:01.834Z"}
{"level":"error","message":"unauthorized access","timestamp":"2023-05-09T16:28:01.827Z"}
{"level":"error","message":"Something wrong with the request","timestamp":"2023-05-09T16:28:01.835Z"}
{"level":"error","message":"no event found","timestamp":"2023-05-09T16:28:03.368Z"}
{"level":"error","message":"no event found","timestamp":"2023-05-09T16:28:03.371Z"}
{"level":"error","message":"unauthorized access","timestamp":"2023-05-09T16:28:03.388Z"}
{"level":"error","message":"Database error","timestamp":"2023-05-09T16:28:03.401Z"}
{"level":"error","message":"unauthorized access","timestamp":"2023-05-09T16:28:03.389Z"}
{"level":"error","message":"Database error","timestamp":"2023-05-09T16:28:03.402Z"}
{"level":"error","message":"no event found","timestamp":"2023-05-09T16:28:06.620Z"}
{"level":"error","message":"no event found","timestamp":"2023-05-09T16:28:06.622Z"}
{"level":"error","message":"unauthorized access","timestamp":"2023-05-09T16:28:06.630Z"}
{"level":"error","message":"Something wrong with the request","timestamp":"2023-05-09T16:28:06.635Z"}
{"level":"error","message":"unauthorized access","timestamp":"2023-05-09T16:28:06.631Z"}
{"level":"error","message":"Something wrong with the request","timestamp":"2023-05-09T16:28:06.636Z"}
{"level":"info","message":"event has been created successfully","timestamp":"2023-05-09T16:28:48.335Z"}
{"level":"error","message":"Error creating event","timestamp":"2023-05-09T16:28:48.347Z"}
{"level":"error","message":"Error creating event","timestamp":"2023-05-09T16:28:48.346Z"}
{"level":"error","message":"Cannot read properties of undefined (reading '_id')","timestamp":"2023-05-09T16:28:48.352Z"}
{"level":"error","message":"Cannot read properties of undefined (reading '_id')","timestamp":"2023-05-09T16:28:48.353Z"}
{"level":"info","message":"event has been created successfully","timestamp":"2023-05-09T16:28:50.535Z"}
{"level":"error","message":"Error creating event","timestamp":"2023-05-09T16:28:50.548Z"}
{"level":"error","message":"Error creating event","timestamp":"2023-05-09T16:28:50.547Z"}
{"level":"error","message":"Cannot read properties of undefined (reading '_id')","timestamp":"2023-05-09T16:28:50.554Z"}
{"level":"error","message":"Cannot read properties of undefined (reading '_id')","timestamp":"2023-05-09T16:28:50.556Z"}
{"level":"info","message":"event has been created successfully","timestamp":"2023-05-09T16:29:42.483Z"}
{"level":"error","message":"Error creating event","timestamp":"2023-05-09T16:29:42.492Z"}
{"level":"error","message":"Error creating event","timestamp":"2023-05-09T16:29:42.491Z"}
{"level":"error","message":"Cannot read properties of undefined (reading '_id')","timestamp":"2023-05-09T16:29:42.501Z"}
{"level":"error","message":"Cannot read properties of undefined (reading '_id')","timestamp":"2023-05-09T16:29:42.502Z"}
{"level":"info","message":"event has been created successfully","timestamp":"2023-05-09T16:30:14.359Z"}
{"level":"error","message":"Error creating event","timestamp":"2023-05-09T16:30:14.372Z"}
{"level":"error","message":"Error creating event","timestamp":"2023-05-09T16:30:14.371Z"}
{"level":"error","message":"Cannot read properties of undefined (reading '_id')","timestamp":"2023-05-09T16:30:14.378Z"}
{"level":"error","message":"Cannot read properties of undefined (reading '_id')","timestamp":"2023-05-09T16:30:14.379Z"}
{"level":"info","message":"event has been created successfully","timestamp":"2023-05-09T16:30:34.016Z"}
{"level":"error","message":"Error creating event","timestamp":"2023-05-09T16:30:34.029Z"}
{"level":"error","message":"Error creating event","timestamp":"2023-05-09T16:30:34.028Z"}
{"level":"error","message":"Cannot read properties of undefined (reading '_id')","timestamp":"2023-05-09T16:30:34.033Z"}
{"level":"error","message":"Cannot read properties of undefined (reading '_id')","timestamp":"2023-05-09T16:30:34.034Z"}
{"level":"info","message":"event has been created successfully","timestamp":"2023-05-09T16:32:06.842Z"}
{"level":"error","message":"Error creating event","timestamp":"2023-05-09T16:32:06.852Z"}
{"level":"error","message":"Error creating event","timestamp":"2023-05-09T16:32:06.851Z"}
{"level":"info","message":"Event sales response Success","timestamp":"2023-05-09T16:51:16.908Z"}
{"level":"info","message":"Event sales exported to csv Successfully","timestamp":"2023-05-09T16:51:16.949Z"}
{"level":"error","message":"Error occurred while fetching event sales data","timestamp":"2023-05-09T16:51:17.011Z"}
{"level":"info","message":"Event sales response Success","timestamp":"2023-05-09T16:51:17.248Z"}
{"level":"info","message":"Event sales exported to csv Successfully","timestamp":"2023-05-09T16:51:17.307Z"}
{"level":"error","message":"Error occurred while fetching event sales data","timestamp":"2023-05-09T16:51:17.350Z"}
{"level":"info","message":" event sales csv downloaded Successfully","timestamp":"2023-05-09T16:51:16.959Z"}
{"level":"error","message":"Error occurred while fetching event sales data","timestamp":"2023-05-09T16:51:17.009Z"}
{"level":"info","message":" summary Json Extract Successfully","timestamp":"2023-05-09T16:51:18.974Z"}
{"level":"info","message":"attendeeSummary exported to csv Successfully","timestamp":"2023-05-09T16:51:19.026Z"}
{"level":"error","message":"res is not defined","timestamp":"2023-05-09T16:51:19.066Z"}
{"level":"info","message":" event sales csv downloaded Successfully","timestamp":"2023-05-09T16:51:17.316Z"}
{"level":"error","message":"Error occurred while fetching event sales data","timestamp":"2023-05-09T16:51:17.347Z"}
{"level":"info","message":" summary Json Extract Successfully","timestamp":"2023-05-09T16:51:19.335Z"}
{"level":"info","message":"attendeeSummary exported to csv Successfully","timestamp":"2023-05-09T16:51:19.417Z"}
{"level":"error","message":"res is not defined","timestamp":"2023-05-09T16:51:19.452Z"}
{"level":"info","message":" attendeeSummary csv downloaded Successfully","timestamp":"2023-05-09T16:51:19.421Z"}
{"level":"error","message":"res is not defined","timestamp":"2023-05-09T16:51:19.450Z"}
{"level":"error","message":"res is not defined","timestamp":"2023-05-09T16:51:19.457Z"}
{"level":"error","message":"res is not defined","timestamp":"2023-05-09T16:51:19.458Z"}
{"level":"info","message":"Event sales response Success","timestamp":"2023-05-09T16:51:25.246Z"}
{"level":"info","message":"Event sales exported to csv Successfully","timestamp":"2023-05-09T16:51:25.267Z"}
{"level":"error","message":"Error occurred while fetching event sales data","timestamp":"2023-05-09T16:51:25.288Z"}
{"level":"info","message":" event sales csv downloaded Successfully","timestamp":"2023-05-09T16:51:25.270Z"}
{"level":"error","message":"Error occurred while fetching event sales data","timestamp":"2023-05-09T16:51:25.286Z"}
{"level":"info","message":" summary Json Extract Successfully","timestamp":"2023-05-09T16:51:26.385Z"}
{"level":"info","message":"attendeeSummary exported to csv Successfully","timestamp":"2023-05-09T16:51:26.408Z"}
{"level":"error","message":"res is not defined","timestamp":"2023-05-09T16:51:26.430Z"}
{"level":"info","message":" attendeeSummary csv downloaded Successfully","timestamp":"2023-05-09T16:51:26.413Z"}
{"level":"error","message":"res is not defined","timestamp":"2023-05-09T16:51:26.426Z"}
{"level":"error","message":"res is not defined","timestamp":"2023-05-09T16:51:26.435Z"}
{"level":"error","message":"res is not defined","timestamp":"2023-05-09T16:51:26.441Z"}
{"level":"info","message":"user wants to resetpassword exists","timestamp":"2023-05-09T17:07:03.996Z"}
{"level":"error","message":"link is expired","timestamp":"2023-05-09T17:07:04.027Z"}
{"level":"info","message":"password encrypted success","timestamp":"2023-05-09T17:07:04.003Z"}
{"level":"info","message":"user password has been reset","timestamp":"2023-05-09T17:07:04.005Z"}
{"level":"error","message":"link is expired","timestamp":"2023-05-09T17:07:04.026Z"}
{"level":"info","message":"user exits and ask to forget password","timestamp":"2023-05-09T17:07:14.184Z"}
{"level":"info","message":"sent Reset Email","timestamp":"2023-05-09T17:07:16.493Z"}
{"level":"error","message":"error email doesn't exist","timestamp":"2023-05-09T17:07:16.586Z"}
{"level":"error","message":"error email doesn't exist","timestamp":"2023-05-09T17:07:16.581Z"}
{"level":"error","message":"test error","timestamp":"2023-05-09T17:07:16.607Z"}
{"level":"error","message":"test error","timestamp":"2023-05-09T17:07:16.611Z"}
{"level":"info","message":"Event sales response Success","timestamp":"2023-05-09T17:07:28.944Z"}
{"level":"info","message":"Event sales exported to csv Successfully","timestamp":"2023-05-09T17:07:29.019Z"}
{"level":"error","message":"Error occurred while fetching event sales data","timestamp":"2023-05-09T17:07:29.059Z"}
{"level":"info","message":" event sales csv downloaded Successfully","timestamp":"2023-05-09T17:07:29.023Z"}
{"level":"error","message":"Error occurred while fetching event sales data","timestamp":"2023-05-09T17:07:29.055Z"}
{"level":"info","message":" summary Json Extract Successfully","timestamp":"2023-05-09T17:07:38.156Z"}
{"level":"info","message":"attendeeSummary exported to csv Successfully","timestamp":"2023-05-09T17:07:38.210Z"}
{"level":"error","message":"res is not defined","timestamp":"2023-05-09T17:07:38.236Z"}
{"level":"info","message":" attendeeSummary csv downloaded Successfully","timestamp":"2023-05-09T17:07:38.214Z"}
{"level":"error","message":"res is not defined","timestamp":"2023-05-09T17:07:38.234Z"}
{"level":"error","message":"res is not defined","timestamp":"2023-05-09T17:07:38.239Z"}
{"level":"error","message":"res is not defined","timestamp":"2023-05-09T17:07:38.240Z"}
{"level":"info","message":"Event sales response Success","timestamp":"2023-05-09T17:08:07.321Z"}
{"level":"info","message":"Event sales exported to csv Successfully","timestamp":"2023-05-09T17:08:07.348Z"}
{"level":"error","message":"Error occurred while fetching event sales data","timestamp":"2023-05-09T17:08:07.374Z"}
{"level":"info","message":" event sales csv downloaded Successfully","timestamp":"2023-05-09T17:08:07.352Z"}
{"level":"error","message":"Error occurred while fetching event sales data","timestamp":"2023-05-09T17:08:07.370Z"}
{"level":"info","message":" summary Json Extract Successfully","timestamp":"2023-05-09T17:08:08.488Z"}
{"level":"info","message":"attendeeSummary exported to csv Successfully","timestamp":"2023-05-09T17:08:08.508Z"}
{"level":"error","message":"res is not defined","timestamp":"2023-05-09T17:08:08.527Z"}
{"level":"info","message":" attendeeSummary csv downloaded Successfully","timestamp":"2023-05-09T17:08:08.511Z"}
{"level":"error","message":"res is not defined","timestamp":"2023-05-09T17:08:08.526Z"}
{"level":"error","message":"res is not defined","timestamp":"2023-05-09T17:08:08.532Z"}
{"level":"error","message":"res is not defined","timestamp":"2023-05-09T17:08:08.533Z"}
{"level":"error","message":"no event found","timestamp":"2023-05-09T17:08:43.867Z"}
{"level":"error","message":"no event found","timestamp":"2023-05-09T17:08:43.872Z"}
{"level":"error","message":"unauthorized access","timestamp":"2023-05-09T17:08:43.880Z"}
{"level":"error","message":"Database error","timestamp":"2023-05-09T17:08:43.890Z"}
{"level":"error","message":"unauthorized access","timestamp":"2023-05-09T17:08:43.882Z"}
{"level":"error","message":"Database error","timestamp":"2023-05-09T17:08:43.892Z"}
{"level":"info","message":"user exits and ask to forget password","timestamp":"2023-05-09T17:08:44.833Z"}
{"level":"info","message":"sent Reset Email","timestamp":"2023-05-09T17:08:46.328Z"}
{"level":"error","message":"error email doesn't exist","timestamp":"2023-05-09T17:08:46.338Z"}
{"level":"error","message":"error email doesn't exist","timestamp":"2023-05-09T17:08:46.337Z"}
{"level":"error","message":"test error","timestamp":"2023-05-09T17:08:46.343Z"}
{"level":"error","message":"test error","timestamp":"2023-05-09T17:08:46.344Z"}
{"level":"error","message":"No event found","timestamp":"2023-05-09T17:08:48.301Z"}
{"level":"error","message":"No event found","timestamp":"2023-05-09T17:08:48.305Z"}
{"level":"error","message":"unauthorized access","timestamp":"2023-05-09T17:08:48.315Z"}
{"level":"error","message":"Something wrong with the request","timestamp":"2023-05-09T17:08:48.329Z"}
{"level":"error","message":"unauthorized access","timestamp":"2023-05-09T17:08:48.317Z"}
{"level":"error","message":"Something wrong with the request","timestamp":"2023-05-09T17:08:48.331Z"}
{"level":"error","message":"no event found","timestamp":"2023-05-09T17:08:50.856Z"}
{"level":"error","message":"no event found","timestamp":"2023-05-09T17:08:50.869Z"}
{"level":"error","message":"unauthorized access","timestamp":"2023-05-09T17:08:50.875Z"}
{"level":"error","message":"Something wrong with the request","timestamp":"2023-05-09T17:08:50.884Z"}
{"level":"error","message":"unauthorized access","timestamp":"2023-05-09T17:08:50.877Z"}
{"level":"error","message":"Something wrong with the request","timestamp":"2023-05-09T17:08:50.885Z"}
{"level":"info","message":"user wants to resetpassword exists","timestamp":"2023-05-09T17:08:52.047Z"}
{"level":"error","message":"link is expired","timestamp":"2023-05-09T17:08:52.060Z"}
{"level":"info","message":"password encrypted success","timestamp":"2023-05-09T17:08:52.050Z"}
{"level":"info","message":"user password has been reset","timestamp":"2023-05-09T17:08:52.052Z"}
{"level":"error","message":"link is expired","timestamp":"2023-05-09T17:08:52.059Z"}
{"level":"info","message":"Event sales response Success","timestamp":"2023-05-09T17:08:54.890Z"}
{"level":"info","message":"Event sales exported to csv Successfully","timestamp":"2023-05-09T17:08:54.925Z"}
{"level":"error","message":"Error occurred while fetching event sales data","timestamp":"2023-05-09T17:08:54.939Z"}
{"level":"info","message":" event sales csv downloaded Successfully","timestamp":"2023-05-09T17:08:54.929Z"}
{"level":"error","message":"Error occurred while fetching event sales data","timestamp":"2023-05-09T17:08:54.938Z"}
{"level":"info","message":"event has been created successfully","timestamp":"2023-05-09T17:08:58.014Z"}
{"level":"error","message":"Error creating event","timestamp":"2023-05-09T17:08:58.025Z"}
{"level":"error","message":"Error creating event","timestamp":"2023-05-09T17:08:58.024Z"}
{"level":"info","message":"filtered events retrieve success","timestamp":"2023-05-09T17:08:58.983Z"}
{"level":"info","message":"eventsoldTickets retrieve success","timestamp":"2023-05-09T17:08:58.986Z"}
{"level":"info","message":"creator events csv exported success","timestamp":"2023-05-09T17:08:59.019Z"}
{"level":"info","message":" summary Json Extract Successfully","timestamp":"2023-05-09T17:09:00.929Z"}
{"level":"info","message":"attendeeSummary exported to csv Successfully","timestamp":"2023-05-09T17:09:00.946Z"}
{"level":"error","message":"res is not defined","timestamp":"2023-05-09T17:09:00.957Z"}
{"level":"info","message":" attendeeSummary csv downloaded Successfully","timestamp":"2023-05-09T17:09:00.949Z"}
{"level":"error","message":"res is not defined","timestamp":"2023-05-09T17:09:00.956Z"}
{"level":"error","message":"res is not defined","timestamp":"2023-05-09T17:09:00.960Z"}
{"level":"error","message":"res is not defined","timestamp":"2023-05-09T17:09:00.962Z"}
{"level":"error","message":"connect ECONNREFUSED ::1:3000","timestamp":"2023-05-09T17:10:31.345Z"}
{"level":"error","message":"connect ECONNREFUSED ::1:3000","timestamp":"2023-05-09T17:10:31.357Z"}
{"level":"error","message":"res is not defined","timestamp":"2023-05-09T17:10:31.367Z"}
{"level":"error","message":"res is not defined","timestamp":"2023-05-09T17:10:31.370Z"}
{"level":"error","message":"connect ECONNREFUSED ::1:3000","timestamp":"2023-05-09T17:10:31.457Z"}
{"level":"error","message":"connect ECONNREFUSED ::1:3000","timestamp":"2023-05-09T17:10:31.464Z"}
{"level":"error","message":"res is not defined","timestamp":"2023-05-09T17:10:31.472Z"}
{"level":"error","message":"res is not defined","timestamp":"2023-05-09T17:10:31.473Z"}
{"level":"error","message":"connect ECONNREFUSED ::1:3000","timestamp":"2023-05-09T17:10:31.899Z"}
{"level":"error","message":"connect ECONNREFUSED ::1:3000","timestamp":"2023-05-09T17:10:31.904Z"}
{"level":"error","message":"res is not defined","timestamp":"2023-05-09T17:10:31.908Z"}
{"level":"error","message":"res is not defined","timestamp":"2023-05-09T17:10:31.909Z"}
{"level":"error","message":"connect ECONNREFUSED ::1:3000","timestamp":"2023-05-09T17:10:31.959Z"}
{"level":"error","message":"connect ECONNREFUSED ::1:3000","timestamp":"2023-05-09T17:10:31.964Z"}
{"level":"error","message":"res is not defined","timestamp":"2023-05-09T17:10:31.968Z"}
{"level":"error","message":"res is not defined","timestamp":"2023-05-09T17:10:31.970Z"}
{"level":"error","message":"connect ECONNREFUSED ::1:3000","timestamp":"2023-05-09T17:12:30.930Z"}
{"level":"error","message":"connect ECONNREFUSED ::1:3000","timestamp":"2023-05-09T17:12:30.939Z"}
{"level":"error","message":"res is not defined","timestamp":"2023-05-09T17:12:30.946Z"}
{"level":"error","message":"res is not defined","timestamp":"2023-05-09T17:12:30.949Z"}
{"level":"error","message":"connect ECONNREFUSED ::1:3000","timestamp":"2023-05-09T17:12:31.020Z"}
{"level":"error","message":"connect ECONNREFUSED ::1:3000","timestamp":"2023-05-09T17:12:31.027Z"}
{"level":"error","message":"res is not defined","timestamp":"2023-05-09T17:12:31.034Z"}
{"level":"error","message":"res is not defined","timestamp":"2023-05-09T17:12:31.043Z"}
{"level":"error","message":"connect ECONNREFUSED ::1:3000","timestamp":"2023-05-09T17:12:31.458Z"}
{"level":"error","message":"connect ECONNREFUSED ::1:3000","timestamp":"2023-05-09T17:12:31.464Z"}
{"level":"error","message":"res is not defined","timestamp":"2023-05-09T17:12:31.469Z"}
{"level":"error","message":"res is not defined","timestamp":"2023-05-09T17:12:31.471Z"}
{"level":"error","message":"connect ECONNREFUSED ::1:3000","timestamp":"2023-05-09T17:12:31.537Z"}
{"level":"error","message":"connect ECONNREFUSED ::1:3000","timestamp":"2023-05-09T17:12:31.547Z"}
{"level":"error","message":"res is not defined","timestamp":"2023-05-09T17:12:31.559Z"}
{"level":"error","message":"res is not defined","timestamp":"2023-05-09T17:12:31.566Z"}
{"level":"error","message":"Cast to ObjectId failed for value \"123\" (type string) at path \"_id\" for model \"eventModel\"","timestamp":"2023-05-09T17:13:39.289Z"}
{"level":"error","message":"Cast to ObjectId failed for value \"123\" (type string) at path \"_id\" for model \"eventModel\"","timestamp":"2023-05-09T17:13:39.296Z"}
{"level":"error","message":"Cast to ObjectId failed for value \"123\" (type string) at path \"_id\" for model \"eventModel\"","timestamp":"2023-05-09T17:13:39.359Z"}
{"level":"error","message":"Cast to ObjectId failed for value \"123\" (type string) at path \"_id\" for model \"eventModel\"","timestamp":"2023-05-09T17:13:39.365Z"}
{"level":"error","message":"Cast to ObjectId failed for value \"123\" (type string) at path \"_id\" for model \"eventModel\"","timestamp":"2023-05-09T17:16:04.920Z"}
{"level":"error","message":"Cast to ObjectId failed for value \"123\" (type string) at path \"_id\" for model \"eventModel\"","timestamp":"2023-05-09T17:16:04.926Z"}
{"level":"error","message":"Cast to ObjectId failed for value \"123\" (type string) at path \"_id\" for model \"eventModel\"","timestamp":"2023-05-09T17:16:04.988Z"}
{"level":"error","message":"Cast to ObjectId failed for value \"123\" (type string) at path \"_id\" for model \"eventModel\"","timestamp":"2023-05-09T17:16:04.992Z"}
{"level":"error","message":"Cast to ObjectId failed for value \"123\" (type string) at path \"_id\" for model \"eventModel\"","timestamp":"2023-05-09T17:16:09.135Z"}
{"level":"error","message":"Cast to ObjectId failed for value \"123\" (type string) at path \"_id\" for model \"eventModel\"","timestamp":"2023-05-09T17:16:09.147Z"}
{"level":"error","message":"Cast to ObjectId failed for value \"123\" (type string) at path \"_id\" for model \"eventModel\"","timestamp":"2023-05-09T17:16:09.188Z"}
{"level":"error","message":"Cast to ObjectId failed for value \"123\" (type string) at path \"_id\" for model \"eventModel\"","timestamp":"2023-05-09T17:16:09.193Z"}
{"level":"error","message":"Cast to ObjectId failed for value \"123\" (type string) at path \"_id\" for model \"eventModel\"","timestamp":"2023-05-09T17:16:12.084Z"}
{"level":"error","message":"Cast to ObjectId failed for value \"123\" (type string) at path \"_id\" for model \"eventModel\"","timestamp":"2023-05-09T17:16:12.099Z"}
{"level":"error","message":"Cast to ObjectId failed for value \"123\" (type string) at path \"_id\" for model \"eventModel\"","timestamp":"2023-05-09T17:16:12.152Z"}
{"level":"error","message":"Cast to ObjectId failed for value \"123\" (type string) at path \"_id\" for model \"eventModel\"","timestamp":"2023-05-09T17:16:12.155Z"}
{"level":"error","message":"Cast to ObjectId failed for value \"123\" (type string) at path \"_id\" for model \"eventModel\"","timestamp":"2023-05-09T17:16:12.844Z"}
{"level":"error","message":"Cast to ObjectId failed for value \"123\" (type string) at path \"_id\" for model \"eventModel\"","timestamp":"2023-05-09T17:16:12.848Z"}
{"level":"error","message":"Cast to ObjectId failed for value \"123\" (type string) at path \"_id\" for model \"eventModel\"","timestamp":"2023-05-09T17:16:12.884Z"}
{"level":"error","message":"Cast to ObjectId failed for value \"123\" (type string) at path \"_id\" for model \"eventModel\"","timestamp":"2023-05-09T17:16:12.886Z"}
{"level":"info","message":"Summary jason return successfully","timestamp":"2023-05-09T17:19:35.102Z"}
{"level":"info","message":" summary Json Extract Successfully","timestamp":"2023-05-09T17:19:35.110Z"}
{"level":"info","message":"attendeeSummary exported to csv Successfully","timestamp":"2023-05-09T17:19:35.114Z"}
{"level":"info","message":" attendeeSummary csv downloaded Successfully","timestamp":"2023-05-09T17:19:35.117Z"}
{"level":"info","message":"Event sales response Success","timestamp":"2023-05-09T17:19:38.972Z"}
{"level":"info","message":"Event sales exported to csv Successfully","timestamp":"2023-05-09T17:19:38.974Z"}
{"level":"info","message":" event sales csv downloaded Successfully","timestamp":"2023-05-09T17:19:38.976Z"}
{"level":"info","message":"Summary jason return successfully","timestamp":"2023-05-09T17:20:16.552Z"}
{"level":"info","message":"filtered events retrieve success","timestamp":"2023-05-09T17:20:22.451Z"}
{"level":"info","message":"eventsoldTickets retrieve success","timestamp":"2023-05-09T17:20:22.451Z"}
{"level":"info","message":"creator events csv exported success","timestamp":"2023-05-09T17:20:22.457Z"}
{"level":"error","message":"Cast to ObjectId failed for value \"invalidEventID\" (type string) at path \"_id\" for model \"eventModel\"","timestamp":"2023-05-09T17:38:35.013Z"}
{"level":"error","message":"Cast to ObjectId failed for value \"invalidEventID\" (type string) at path \"_id\" for model \"eventModel\"","timestamp":"2023-05-09T17:38:35.021Z"}
{"level":"error","message":"Cast to ObjectId failed for value \"invalidEventID\" (type string) at path \"_id\" for model \"eventModel\"","timestamp":"2023-05-09T17:38:35.011Z"}
{"level":"error","message":"Cast to ObjectId failed for value \"invalidEventID\" (type string) at path \"_id\" for model \"eventModel\"","timestamp":"2023-05-09T17:38:35.020Z"}
{"level":"error","message":"Operation `eventmodels.findOne()` buffering timed out after 10000ms","timestamp":"2023-05-09T17:38:45.098Z"}
{"level":"error","message":"Operation `eventmodels.findOne()` buffering timed out after 10000ms","timestamp":"2023-05-09T17:38:45.098Z"}
{"level":"error","message":"Operation `eventmodels.findOne()` buffering timed out after 10000ms","timestamp":"2023-05-09T17:38:45.101Z"}
{"level":"error","message":"Operation `eventmodels.findOne()` buffering timed out after 10000ms","timestamp":"2023-05-09T17:38:45.101Z"}
{"level":"error","message":"Operation `eventmodels.findOne()` buffering timed out after 10000ms","timestamp":"2023-05-09T17:38:50.099Z"}
{"level":"error","message":"Operation `eventmodels.findOne()` buffering timed out after 10000ms","timestamp":"2023-05-09T17:38:50.100Z"}
{"level":"error","message":"Operation `eventmodels.findOne()` buffering timed out after 10000ms","timestamp":"2023-05-09T17:38:50.115Z"}
{"level":"error","message":"Operation `eventmodels.findOne()` buffering timed out after 10000ms","timestamp":"2023-05-09T17:38:50.115Z"}
{"level":"error","message":"Cast to ObjectId failed for value \"invalidEventID\" (type string) at path \"_id\" for model \"eventModel\"","timestamp":"2023-05-09T17:43:39.738Z"}
{"level":"error","message":"Cast to ObjectId failed for value \"invalidEventID\" (type string) at path \"_id\" for model \"eventModel\"","timestamp":"2023-05-09T17:43:39.746Z"}
{"level":"error","message":"Cast to ObjectId failed for value \"invalidEventID\" (type string) at path \"_id\" for model \"eventModel\"","timestamp":"2023-05-09T17:43:40.443Z"}
{"level":"error","message":"Cast to ObjectId failed for value \"invalidEventID\" (type string) at path \"_id\" for model \"eventModel\"","timestamp":"2023-05-09T17:43:40.452Z"}
{"level":"error","message":"Operation `eventmodels.findOne()` buffering timed out after 10000ms","timestamp":"2023-05-09T17:43:49.919Z"}
{"level":"error","message":"Operation `eventmodels.findOne()` buffering timed out after 10000ms","timestamp":"2023-05-09T17:43:49.921Z"}
{"level":"error","message":"Operation `eventmodels.findOne()` buffering timed out after 10000ms","timestamp":"2023-05-09T17:43:50.594Z"}
{"level":"error","message":"Operation `eventmodels.findOne()` buffering timed out after 10000ms","timestamp":"2023-05-09T17:43:50.596Z"}
{"level":"error","message":"Operation `eventmodels.findOne()` buffering timed out after 10000ms","timestamp":"2023-05-09T17:43:54.851Z"}
{"level":"error","message":"Operation `eventmodels.findOne()` buffering timed out after 10000ms","timestamp":"2023-05-09T17:43:54.852Z"}
{"level":"error","message":"Operation `eventmodels.findOne()` buffering timed out after 10000ms","timestamp":"2023-05-09T17:43:55.598Z"}
{"level":"error","message":"Operation `eventmodels.findOne()` buffering timed out after 10000ms","timestamp":"2023-05-09T17:43:55.598Z"}
{"level":"error","message":"Cast to ObjectId failed for value \"invalidEventID\" (type string) at path \"_id\" for model \"eventModel\"","timestamp":"2023-05-09T17:50:21.271Z"}
{"level":"error","message":"Cast to ObjectId failed for value \"invalidEventID\" (type string) at path \"_id\" for model \"eventModel\"","timestamp":"2023-05-09T17:50:21.285Z"}
{"level":"error","message":"Cast to ObjectId failed for value \"invalidEventID\" (type string) at path \"_id\" for model \"eventModel\"","timestamp":"2023-05-09T17:50:21.800Z"}
{"level":"error","message":"Cast to ObjectId failed for value \"invalidEventID\" (type string) at path \"_id\" for model \"eventModel\"","timestamp":"2023-05-09T17:50:21.805Z"}
{"level":"error","message":"Operation `eventmodels.findOne()` buffering timed out after 10000ms","timestamp":"2023-05-09T17:50:31.846Z"}
{"level":"error","message":"Operation `eventmodels.findOne()` buffering timed out after 10000ms","timestamp":"2023-05-09T17:50:31.850Z"}
{"level":"error","message":"Operation `eventmodels.findOne()` buffering timed out after 10000ms","timestamp":"2023-05-09T17:50:36.854Z"}
{"level":"error","message":"Operation `eventmodels.findOne()` buffering timed out after 10000ms","timestamp":"2023-05-09T17:50:36.854Z"}
{"level":"error","message":"event not found","timestamp":"2023-05-09T18:11:47.550Z"}
{"level":"error","message":"event not found","timestamp":"2023-05-09T18:11:47.559Z"}
{"level":"error","message":"res.status(...).send is not a function","timestamp":"2023-05-09T18:11:47.577Z"}
{"level":"error","message":"res.status(...).send is not a function","timestamp":"2023-05-09T18:11:47.579Z"}
{"level":"error","message":"event not found","timestamp":"2023-05-09T18:11:48.259Z"}
{"level":"error","message":"event not found","timestamp":"2023-05-09T18:11:48.262Z"}
{"level":"error","message":"res.status(...).send is not a function","timestamp":"2023-05-09T18:11:48.266Z"}
{"level":"error","message":"res.status(...).send is not a function","timestamp":"2023-05-09T18:11:48.267Z"}
{"level":"error","message":"event not found","timestamp":"2023-05-09T18:12:22.061Z"}
{"level":"error","message":"event not found","timestamp":"2023-05-09T18:12:22.068Z"}
{"level":"error","message":"res.status(...).send is not a function","timestamp":"2023-05-09T18:12:22.078Z"}
{"level":"error","message":"res.status(...).send is not a function","timestamp":"2023-05-09T18:12:22.082Z"}
{"level":"error","message":"event not found","timestamp":"2023-05-09T18:12:22.872Z"}
{"level":"error","message":"event not found","timestamp":"2023-05-09T18:12:22.877Z"}
{"level":"error","message":"res.status(...).send is not a function","timestamp":"2023-05-09T18:12:22.881Z"}
{"level":"error","message":"res.status(...).send is not a function","timestamp":"2023-05-09T18:12:22.882Z"}
{"level":"info","message":"Summary jason return successfully","timestamp":"2023-05-09T18:13:10.774Z"}
{"level":"error","message":"event not found","timestamp":"2023-05-09T18:13:10.812Z"}
{"level":"error","message":"event not found","timestamp":"2023-05-09T18:13:10.802Z"}
{"level":"error","message":"res.status(...).send is not a function","timestamp":"2023-05-09T18:13:10.819Z"}
{"level":"error","message":"res.status(...).send is not a function","timestamp":"2023-05-09T18:13:10.822Z"}
{"level":"info","message":"Summary jason return successfully","timestamp":"2023-05-09T18:13:11.771Z"}
{"level":"error","message":"event not found","timestamp":"2023-05-09T18:13:11.824Z"}
{"level":"error","message":"event not found","timestamp":"2023-05-09T18:13:11.821Z"}
{"level":"error","message":"res.status(...).send is not a function","timestamp":"2023-05-09T18:13:11.831Z"}
{"level":"error","message":"res.status(...).send is not a function","timestamp":"2023-05-09T18:13:11.834Z"}
{"level":"info","message":"Summary jason return successfully","timestamp":"2023-05-09T18:13:14.356Z"}
{"level":"error","message":"event not found","timestamp":"2023-05-09T18:13:14.370Z"}
{"level":"error","message":"event not found","timestamp":"2023-05-09T18:13:14.369Z"}
{"level":"error","message":"res.status(...).send is not a function","timestamp":"2023-05-09T18:13:14.373Z"}
{"level":"error","message":"res.status(...).send is not a function","timestamp":"2023-05-09T18:13:14.374Z"}
{"level":"info","message":"Summary jason return successfully","timestamp":"2023-05-09T18:13:31.200Z"}
{"level":"error","message":"event not found","timestamp":"2023-05-09T18:13:31.221Z"}
{"level":"error","message":"event not found","timestamp":"2023-05-09T18:13:31.219Z"}
{"level":"error","message":"res.status(...).send is not a function","timestamp":"2023-05-09T18:13:31.224Z"}
{"level":"error","message":"res.status(...).send is not a function","timestamp":"2023-05-09T18:13:31.225Z"}
{"level":"info","message":"Summary jason return successfully","timestamp":"2023-05-09T18:14:13.299Z"}
{"level":"info","message":"Summary jason return successfully","timestamp":"2023-05-09T18:14:13.725Z"}
{"level":"info","message":"Summary jason return successfully","timestamp":"2023-05-09T18:28:02.165Z"}
{"level":"info","message":"Summary jason return successfully","timestamp":"2023-05-09T18:31:01.400Z"}
{"level":"info","message":"Summary jason return successfully","timestamp":"2023-05-09T18:31:05.510Z"}
{"level":"info","message":"Summary jason return successfully","timestamp":"2023-05-09T18:31:13.405Z"}
{"level":"info","message":"Summary jason return successfully","timestamp":"2023-05-09T18:43:09.644Z"}
{"level":"info","message":"Summary jason return successfully","timestamp":"2023-05-09T18:43:13.985Z"}
{"level":"info","message":"Summary jason return successfully","timestamp":"2023-05-09T18:46:37.070Z"}
{"level":"info","message":"Summary jason return successfully","timestamp":"2023-05-09T18:46:40.735Z"}
{"level":"info","message":"Summary jason return successfully","timestamp":"2023-05-09T18:46:44.378Z"}
{"level":"info","message":"Summary jason return successfully","timestamp":"2023-05-09T18:46:47.933Z"}
{"level":"info","message":"Summary jason return successfully","timestamp":"2023-05-09T18:46:51.834Z"}
{"level":"info","message":"Summary jason return successfully","timestamp":"2023-05-09T18:46:55.532Z"}
{"level":"info","message":"Summary jason return successfully","timestamp":"2023-05-09T18:46:59.255Z"}
{"level":"info","message":"Summary jason return successfully","timestamp":"2023-05-09T18:47:02.952Z"}
{"level":"info","message":"Summary jason return successfully","timestamp":"2023-05-09T18:47:06.600Z"}
{"level":"info","message":"Summary jason return successfully","timestamp":"2023-05-09T18:47:10.095Z"}
{"level":"info","message":"Summary jason return successfully","timestamp":"2023-05-09T18:47:13.883Z"}
{"level":"info","message":"Summary jason return successfully","timestamp":"2023-05-09T18:47:18.170Z"}
{"level":"info","message":"Summary jason return successfully","timestamp":"2023-05-09T18:47:21.783Z"}
{"level":"info","message":"Summary jason return successfully","timestamp":"2023-05-09T18:47:25.458Z"}
{"level":"info","message":"Summary jason return successfully","timestamp":"2023-05-09T18:47:29.384Z"}
{"level":"info","message":"Summary jason return successfully","timestamp":"2023-05-09T18:47:36.048Z"}
{"level":"info","message":"Summary jason return successfully","timestamp":"2023-05-09T18:47:39.781Z"}
{"level":"info","message":"Summary jason return successfully","timestamp":"2023-05-09T18:47:43.439Z"}
{"level":"info","message":"Summary jason return successfully","timestamp":"2023-05-09T18:47:47.836Z"}
{"level":"info","message":"Summary jason return successfully","timestamp":"2023-05-09T18:47:52.003Z"}
{"level":"info","message":"Summary jason return successfully","timestamp":"2023-05-09T18:47:56.005Z"}
{"level":"info","message":"Summary jason return successfully","timestamp":"2023-05-09T18:47:59.826Z"}
{"level":"info","message":"Summary jason return successfully","timestamp":"2023-05-09T18:48:03.416Z"}
{"level":"info","message":"Summary jason return successfully","timestamp":"2023-05-09T18:48:06.979Z"}
{"level":"info","message":"Summary jason return successfully","timestamp":"2023-05-09T18:48:10.697Z"}
{"level":"info","message":"Summary jason return successfully","timestamp":"2023-05-09T18:48:14.313Z"}
{"level":"info","message":"Summary jason return successfully","timestamp":"2023-05-09T18:48:17.937Z"}
{"level":"info","message":"Summary jason return successfully","timestamp":"2023-05-09T18:48:21.755Z"}
{"level":"info","message":"Summary jason return successfully","timestamp":"2023-05-09T18:48:25.516Z"}
{"level":"info","message":"Summary jason return successfully","timestamp":"2023-05-09T18:48:28.970Z"}
{"level":"info","message":"Summary jason return successfully","timestamp":"2023-05-09T18:48:32.879Z"}
{"level":"info","message":"Summary jason return successfully","timestamp":"2023-05-09T18:48:36.397Z"}
{"level":"info","message":"Summary jason return successfully","timestamp":"2023-05-09T18:48:39.878Z"}
{"level":"info","message":"Summary jason return successfully","timestamp":"2023-05-09T18:48:43.439Z"}
{"level":"info","message":"Summary jason return successfully","timestamp":"2023-05-09T18:48:47.172Z"}
{"level":"info","message":"Summary jason return successfully","timestamp":"2023-05-09T18:48:50.534Z"}
{"level":"info","message":"Summary jason return successfully","timestamp":"2023-05-09T18:48:54.025Z"}
{"level":"info","message":"Summary jason return successfully","timestamp":"2023-05-09T18:48:57.747Z"}
{"level":"info","message":"Summary jason return successfully","timestamp":"2023-05-09T18:49:01.357Z"}
{"level":"info","message":"Summary jason return successfully","timestamp":"2023-05-09T18:49:05.055Z"}
{"level":"info","message":"Summary jason return successfully","timestamp":"2023-05-09T18:49:08.723Z"}
{"level":"info","message":"Summary jason return successfully","timestamp":"2023-05-09T18:49:12.148Z"}
{"level":"info","message":"Summary jason return successfully","timestamp":"2023-05-09T18:49:15.535Z"}
{"level":"info","message":"Summary jason return successfully","timestamp":"2023-05-09T18:49:19.177Z"}
{"level":"info","message":"Summary jason return successfully","timestamp":"2023-05-09T18:49:23.050Z"}
{"level":"info","message":"Summary jason return successfully","timestamp":"2023-05-09T18:49:26.799Z"}
{"level":"info","message":"Summary jason return successfully","timestamp":"2023-05-09T18:49:30.276Z"}
{"level":"info","message":"Summary jason return successfully","timestamp":"2023-05-09T18:49:33.568Z"}
{"level":"info","message":"Summary jason return successfully","timestamp":"2023-05-09T18:49:36.952Z"}
{"level":"info","message":"Summary jason return successfully","timestamp":"2023-05-09T18:49:40.577Z"}
{"level":"info","message":"Summary jason return successfully","timestamp":"2023-05-09T18:49:44.296Z"}
{"level":"info","message":"Summary jason return successfully","timestamp":"2023-05-09T18:49:47.865Z"}
{"level":"info","message":"Summary jason return successfully","timestamp":"2023-05-09T18:49:51.433Z"}
{"level":"info","message":"Summary jason return successfully","timestamp":"2023-05-09T18:49:54.954Z"}
{"level":"info","message":"Summary jason return successfully","timestamp":"2023-05-09T18:49:58.742Z"}
{"level":"info","message":"Summary jason return successfully","timestamp":"2023-05-09T18:50:02.377Z"}
{"level":"info","message":"Summary jason return successfully","timestamp":"2023-05-09T18:50:06.217Z"}
{"level":"info","message":"Summary jason return successfully","timestamp":"2023-05-09T18:50:09.663Z"}
{"level":"info","message":"Summary jason return successfully","timestamp":"2023-05-09T18:50:13.081Z"}
{"level":"info","message":"Summary jason return successfully","timestamp":"2023-05-09T18:50:16.271Z"}
{"level":"info","message":"Summary jason return successfully","timestamp":"2023-05-09T19:04:50.814Z"}
{"level":"info","message":"Summary jason return successfully","timestamp":"2023-05-09T19:05:09.300Z"}
